06-Jan-2023 14:04:11.673 INFO [main] org.apache.catalina.startup.VersionLoggerListener.log 서버 버전 이름:    Apache Tomcat/9.0.70
06-Jan-2023 14:04:11.683 INFO [main] org.apache.catalina.startup.VersionLoggerListener.log Server 빌드 시각:  Dec 1 2022 14:05:47 UTC
06-Jan-2023 14:04:11.683 INFO [main] org.apache.catalina.startup.VersionLoggerListener.log Server 버전 번호:  9.0.70.0
06-Jan-2023 14:04:11.684 INFO [main] org.apache.catalina.startup.VersionLoggerListener.log 운영체제 이름:     Windows 10
06-Jan-2023 14:04:11.684 INFO [main] org.apache.catalina.startup.VersionLoggerListener.log 운영체제 버전:     10.0
06-Jan-2023 14:04:11.684 INFO [main] org.apache.catalina.startup.VersionLoggerListener.log 아키텍처:          amd64
06-Jan-2023 14:04:11.684 INFO [main] org.apache.catalina.startup.VersionLoggerListener.log 자바 홈:           C:\java\jdk11
06-Jan-2023 14:04:11.684 INFO [main] org.apache.catalina.startup.VersionLoggerListener.log JVM 버전:          11.0.12+8-LTS-237
06-Jan-2023 14:04:11.685 INFO [main] org.apache.catalina.startup.VersionLoggerListener.log JVM 벤더:          Oracle Corporation
06-Jan-2023 14:04:11.685 INFO [main] org.apache.catalina.startup.VersionLoggerListener.log CATALINA_BASE:     D:\dev\workspaces\java-ojd\jsp-project\server\apache-tomcat-9.0.70
06-Jan-2023 14:04:11.685 INFO [main] org.apache.catalina.startup.VersionLoggerListener.log CATALINA_HOME:     D:\dev\workspaces\java-ojd\jsp-project\server\apache-tomcat-9.0.70
06-Jan-2023 14:04:11.689 INFO [main] org.apache.catalina.startup.VersionLoggerListener.log 명령 행 아규먼트:  --add-opens=java.base/java.lang=ALL-UNNAMED
06-Jan-2023 14:04:11.691 INFO [main] org.apache.catalina.startup.VersionLoggerListener.log 명령 행 아규먼트:  --add-opens=java.base/java.io=ALL-UNNAMED
06-Jan-2023 14:04:11.694 INFO [main] org.apache.catalina.startup.VersionLoggerListener.log 명령 행 아규먼트:  --add-opens=java.base/java.util=ALL-UNNAMED
06-Jan-2023 14:04:11.707 INFO [main] org.apache.catalina.startup.VersionLoggerListener.log 명령 행 아규먼트:  --add-opens=java.base/java.util.concurrent=ALL-UNNAMED
06-Jan-2023 14:04:11.709 INFO [main] org.apache.catalina.startup.VersionLoggerListener.log 명령 행 아규먼트:  --add-opens=java.rmi/sun.rmi.transport=ALL-UNNAMED
06-Jan-2023 14:04:11.711 INFO [main] org.apache.catalina.startup.VersionLoggerListener.log 명령 행 아규먼트:  -Djava.util.logging.config.file=D:\dev\workspaces\java-ojd\jsp-project\server\apache-tomcat-9.0.70\conf\logging.properties
06-Jan-2023 14:04:11.713 INFO [main] org.apache.catalina.startup.VersionLoggerListener.log 명령 행 아규먼트:  -Djava.util.logging.manager=org.apache.juli.ClassLoaderLogManager
06-Jan-2023 14:04:11.715 INFO [main] org.apache.catalina.startup.VersionLoggerListener.log 명령 행 아규먼트:  -Djdk.tls.ephemeralDHKeySize=2048
06-Jan-2023 14:04:11.717 INFO [main] org.apache.catalina.startup.VersionLoggerListener.log 명령 행 아규먼트:  -Djava.protocol.handler.pkgs=org.apache.catalina.webresources
06-Jan-2023 14:04:11.717 INFO [main] org.apache.catalina.startup.VersionLoggerListener.log 명령 행 아규먼트:  -Dignore.endorsed.dirs=
06-Jan-2023 14:04:11.717 INFO [main] org.apache.catalina.startup.VersionLoggerListener.log 명령 행 아규먼트:  -Dcatalina.base=D:\dev\workspaces\java-ojd\jsp-project\server\apache-tomcat-9.0.70
06-Jan-2023 14:04:11.719 INFO [main] org.apache.catalina.startup.VersionLoggerListener.log 명령 행 아규먼트:  -Dcatalina.home=D:\dev\workspaces\java-ojd\jsp-project\server\apache-tomcat-9.0.70
06-Jan-2023 14:04:11.721 INFO [main] org.apache.catalina.startup.VersionLoggerListener.log 명령 행 아규먼트:  -Djava.io.tmpdir=D:\dev\workspaces\java-ojd\jsp-project\server\apache-tomcat-9.0.70\temp
06-Jan-2023 14:04:11.745 INFO [main] org.apache.catalina.core.AprLifecycleListener.lifecycleEvent 프로덕션 환경들에서 최적의 성능을 제공하는, APR 기반 Apache Tomcat Native 라이브러리가, 다음 java.library.path에서 발견되지 않습니다: [C:\java\jdk11\bin;C:\Windows\Sun\Java\bin;C:\Windows\system32;C:\Windows;D:\dev\cmder\vendor\git-for-windows\cmd;D:\dev\cmder\vendor\conemu-maximus5\ConEmu\Scripts;D:\dev\cmder\vendor\conemu-maximus5;D:\dev\cmder\vendor\conemu-maximus5\ConEmu;C:\Program Files (x86)\VMware\VMware Workstation\bin\;C:\Program Files\NVIDIA GPU Computing Toolkit\CUDA\v11.2\bin;C:\Program Files\NVIDIA GPU Computing Toolkit\CUDA\v11.2\libnvvp;C:\Program Files\Common Files\Oracle\Java\javapath;C:\Python38\Scripts\;C:\Python38\;C:\Python310\Scripts\;C:\Python310\;C:\Windows\system32;C:\Windows;C:\Windows\System32\Wbem;C:\Windows\System32\WindowsPowerShell\v1.0\;C:\Windows\System32\OpenSSH\;C:\Program Files\NVIDIA Corporation\NVIDIA NvDLISR;C:\Program Files (x86)\NVIDIA Corporation\PhysX\Common;C:\ProgramData\chocolatey\bin;C:\Program Files\Git\cmd;C:\Program Files\PostgreSQL\12\bin;C:\Program Files (x86)\Yarn\bin\;C:\Program Files\PostgreSQL\11\bin;C:\java\jdk-1.8;C:\java\jdk11;\bin;C:\Program Files\NVIDIA Corporation\Nsight Compute 2020.3.0\;C:\Program Files\Docker\Docker\resources\bin;C:\ProgramData\DockerDesktop\version-bin;C:\Program Files\PuTTY\;C:\apache-maven-3.8.6\bin;C:\Program Files\MySQL\MySQL Server 8.0\bin;C:\Users\dsaqa\AppData\Roaming\nvm;C:\Program Files\nodejs;C:\Program Files\MySQL\MySQL Shell 8.0\bin\;C:\Users\dsaqa\AppData\Local\Microsoft\WindowsApps;D:\dev\tools\Microsoft VS Code\bin;C:\Users\dsaqa\AppData\Roaming\npm;C:\Users\dsaqa\AppData\Local\Yarn\bin;C:\tools\mysql\current\bin;C:\Program Files\NVIDIA GPU Computing Toolkit\CUDA\v11.6\bin;C:\Program Files\NVIDIA GPU Computing Toolkit\CUDA\v11.6\include;C:\Program Files\NVIDIA GPU Computing Toolkit\CUDA\v11.6\lib;C:\tools\dart-sdk\bin;C:\Users\dsaqa\AppData\Roaming\Pub\Cache\bin;C:\Users\dsaqa\AppData\Roaming\nvm;C:\Program Files\nodejs;C:\tools\flutter\bin;D:\dev\cmder\vendor\git-for-windows\mingw64\bin;D:\dev\cmder\vendor\git-for-windows\usr\bin;D:\dev\cmder\vendor\bin;D:\dev\cmder;.]
06-Jan-2023 14:04:12.021 INFO [main] org.apache.coyote.AbstractProtocol.init 프로토콜 핸들러 ["http-nio-8080"]을(를) 초기화합니다.
06-Jan-2023 14:04:12.051 INFO [main] org.apache.catalina.startup.Catalina.load [637] 밀리초 내에 서버가 초기화되었습니다.
06-Jan-2023 14:04:12.108 INFO [main] org.apache.catalina.core.StandardService.startInternal 서비스 [Catalina]을(를) 시작합니다.
06-Jan-2023 14:04:12.111 INFO [main] org.apache.catalina.core.StandardEngine.startInternal 서버 엔진을 시작합니다: [Apache Tomcat/9.0.70]
06-Jan-2023 14:04:12.123 INFO [main] org.apache.catalina.startup.HostConfig.deployDirectory 웹 애플리케이션 디렉토리 [D:\dev\workspaces\java-ojd\jsp-project\server\apache-tomcat-9.0.70\webapps\css]을(를) 배치합니다.
06-Jan-2023 14:04:12.837 WARNING [main] org.apache.catalina.util.SessionIdGeneratorBase.createSecureRandom [SHA1PRNG] 알고리즘을 사용하여, 세션 ID를 생성하기 위한 SecureRandom 객체를 생성하는데, [396] 밀리초가 소요됐습니다.
06-Jan-2023 14:04:12.928 INFO [main] org.apache.catalina.startup.HostConfig.deployDirectory 웹 애플리케이션 디렉토리 [D:\dev\workspaces\java-ojd\jsp-project\server\apache-tomcat-9.0.70\webapps\css]에 대한 배치가 [806] 밀리초에 완료되었습니다.
06-Jan-2023 14:04:12.931 INFO [main] org.apache.catalina.startup.HostConfig.deployDirectory 웹 애플리케이션 디렉토리 [D:\dev\workspaces\java-ojd\jsp-project\server\apache-tomcat-9.0.70\webapps\font]을(를) 배치합니다.
06-Jan-2023 14:04:12.951 INFO [main] org.apache.catalina.startup.HostConfig.deployDirectory 웹 애플리케이션 디렉토리 [D:\dev\workspaces\java-ojd\jsp-project\server\apache-tomcat-9.0.70\webapps\font]에 대한 배치가 [21] 밀리초에 완료되었습니다.
06-Jan-2023 14:04:12.953 INFO [main] org.apache.catalina.startup.HostConfig.deployDirectory 웹 애플리케이션 디렉토리 [D:\dev\workspaces\java-ojd\jsp-project\server\apache-tomcat-9.0.70\webapps\js]을(를) 배치합니다.
06-Jan-2023 14:04:12.976 INFO [main] org.apache.catalina.startup.HostConfig.deployDirectory 웹 애플리케이션 디렉토리 [D:\dev\workspaces\java-ojd\jsp-project\server\apache-tomcat-9.0.70\webapps\js]에 대한 배치가 [23] 밀리초에 완료되었습니다.
06-Jan-2023 14:04:12.977 INFO [main] org.apache.catalina.startup.HostConfig.deployDirectory 웹 애플리케이션 디렉토리 [D:\dev\workspaces\java-ojd\jsp-project\server\apache-tomcat-9.0.70\webapps\web]을(를) 배치합니다.
06-Jan-2023 14:04:12.997 INFO [main] org.apache.catalina.startup.HostConfig.deployDirectory 웹 애플리케이션 디렉토리 [D:\dev\workspaces\java-ojd\jsp-project\server\apache-tomcat-9.0.70\webapps\web]에 대한 배치가 [20] 밀리초에 완료되었습니다.
06-Jan-2023 14:04:13.003 INFO [main] org.apache.coyote.AbstractProtocol.start 프로토콜 핸들러 ["http-nio-8080"]을(를) 시작합니다.
06-Jan-2023 14:04:13.402 INFO [main] org.apache.catalina.startup.Catalina.start 서버가 [1349] 밀리초 내에 시작되었습니다.
