NOTE: Picked up JDK_JAVA_OPTIONS:  --add-opens=java.base/java.lang=ALL-UNNAMED --add-opens=java.base/java.io=ALL-UNNAMED --add-opens=java.base/java.util=ALL-UNNAMED --add-opens=java.base/java.util.concurrent=ALL-UNNAMED --add-opens=java.rmi/sun.rmi.transport=ALL-UNNAMED
05-Jan-2023 21:36:24.574 INFO [main] org.apache.catalina.startup.VersionLoggerListener.log 서버 버전 이름:    Apache Tomcat/9.0.70
05-Jan-2023 21:36:24.577 INFO [main] org.apache.catalina.startup.VersionLoggerListener.log Server 빌드 시각:  Dec 1 2022 14:05:47 UTC
05-Jan-2023 21:36:24.577 INFO [main] org.apache.catalina.startup.VersionLoggerListener.log Server 버전 번호:  9.0.70.0
05-Jan-2023 21:36:24.577 INFO [main] org.apache.catalina.startup.VersionLoggerListener.log 운영체제 이름:     Windows 10
05-Jan-2023 21:36:24.588 INFO [main] org.apache.catalina.startup.VersionLoggerListener.log 운영체제 버전:     10.0
05-Jan-2023 21:36:24.588 INFO [main] org.apache.catalina.startup.VersionLoggerListener.log 아키텍처:          amd64
05-Jan-2023 21:36:24.588 INFO [main] org.apache.catalina.startup.VersionLoggerListener.log 자바 홈:           C:\java\jdk11
05-Jan-2023 21:36:24.588 INFO [main] org.apache.catalina.startup.VersionLoggerListener.log JVM 버전:          11.0.12+8-LTS-237
05-Jan-2023 21:36:24.588 INFO [main] org.apache.catalina.startup.VersionLoggerListener.log JVM 벤더:          Oracle Corporation
05-Jan-2023 21:36:24.588 INFO [main] org.apache.catalina.startup.VersionLoggerListener.log CATALINA_BASE:     D:\dev\workspaces\java-ojd\jsp-project\server\apache-tomcat-9.0.70
05-Jan-2023 21:36:24.588 INFO [main] org.apache.catalina.startup.VersionLoggerListener.log CATALINA_HOME:     D:\dev\workspaces\java-ojd\jsp-project\server\apache-tomcat-9.0.70
05-Jan-2023 21:36:24.589 INFO [main] org.apache.catalina.startup.VersionLoggerListener.log 명령 행 아규먼트:  --add-opens=java.base/java.lang=ALL-UNNAMED
05-Jan-2023 21:36:24.589 INFO [main] org.apache.catalina.startup.VersionLoggerListener.log 명령 행 아규먼트:  --add-opens=java.base/java.io=ALL-UNNAMED
05-Jan-2023 21:36:24.589 INFO [main] org.apache.catalina.startup.VersionLoggerListener.log 명령 행 아규먼트:  --add-opens=java.base/java.util=ALL-UNNAMED
05-Jan-2023 21:36:24.589 INFO [main] org.apache.catalina.startup.VersionLoggerListener.log 명령 행 아규먼트:  --add-opens=java.base/java.util.concurrent=ALL-UNNAMED
05-Jan-2023 21:36:24.589 INFO [main] org.apache.catalina.startup.VersionLoggerListener.log 명령 행 아규먼트:  --add-opens=java.rmi/sun.rmi.transport=ALL-UNNAMED
05-Jan-2023 21:36:24.590 INFO [main] org.apache.catalina.startup.VersionLoggerListener.log 명령 행 아규먼트:  -Djava.util.logging.config.file=D:/dev/workspaces/java-ojd/jsp-project/server/apache-tomcat-9.0.70/conf/logging.properties
05-Jan-2023 21:36:24.590 INFO [main] org.apache.catalina.startup.VersionLoggerListener.log 명령 행 아규먼트:  -Djava.util.logging.manager=org.apache.juli.ClassLoaderLogManager
05-Jan-2023 21:36:24.590 INFO [main] org.apache.catalina.startup.VersionLoggerListener.log 명령 행 아규먼트:  -Djdk.tls.ephemeralDHKeySize=2048
05-Jan-2023 21:36:24.590 INFO [main] org.apache.catalina.startup.VersionLoggerListener.log 명령 행 아규먼트:  -Djava.protocol.handler.pkgs=org.apache.catalina.webresources
05-Jan-2023 21:36:24.590 INFO [main] org.apache.catalina.startup.VersionLoggerListener.log 명령 행 아규먼트:  -Dorg.apache.catalina.security.SecurityListener.UMASK=0027
05-Jan-2023 21:36:24.590 INFO [main] org.apache.catalina.startup.VersionLoggerListener.log 명령 행 아규먼트:  -Dignore.endorsed.dirs=
05-Jan-2023 21:36:24.590 INFO [main] org.apache.catalina.startup.VersionLoggerListener.log 명령 행 아규먼트:  -Dcatalina.base=D:/dev/workspaces/java-ojd/jsp-project/server/apache-tomcat-9.0.70
05-Jan-2023 21:36:24.590 INFO [main] org.apache.catalina.startup.VersionLoggerListener.log 명령 행 아규먼트:  -Dcatalina.home=D:/dev/workspaces/java-ojd/jsp-project/server/apache-tomcat-9.0.70
05-Jan-2023 21:36:24.590 INFO [main] org.apache.catalina.startup.VersionLoggerListener.log 명령 행 아규먼트:  -Djava.io.tmpdir=D:/dev/workspaces/java-ojd/jsp-project/server/apache-tomcat-9.0.70/temp
05-Jan-2023 21:36:24.618 INFO [main] org.apache.catalina.core.AprLifecycleListener.lifecycleEvent 프로덕션 환경들에서 최적의 성능을 제공하는, APR 기반 Apache Tomcat Native 라이브러리가, 다음 java.library.path에서 발견되지 않습니다: [C:\java\jdk11\bin;C:\Windows\Sun\Java\bin;C:\Windows\system32;C:\Windows;C:\Users\dsaqa\bin;C:\Program Files\Git\mingw64\bin;C:\Program Files\Git\usr\local\bin;C:\Program Files\Git\usr\bin;C:\Program Files\Git\usr\bin;C:\Program Files\Git\mingw64\bin;C:\Program Files\Git\usr\bin;C:\Users\dsaqa\bin;C:\Program Files (x86)\VMware\VMware Workstation\bin;C:\Program Files\NVIDIA GPU Computing Toolkit\CUDA\v11.2\bin;C:\Program Files\NVIDIA GPU Computing Toolkit\CUDA\v11.2\libnvvp;C:\Program Files\Common Files\Oracle\Java\javapath;C:\Python38\Scripts;C:\Python38;C:\Python310\Scripts;C:\Python310;C:\Windows\system32;C:\Windows;C:\Windows\System32\Wbem;C:\Windows\System32\WindowsPowerShell\v1.0;C:\Windows\System32\OpenSSH;C:\Program Files\NVIDIA Corporation\NVIDIA NvDLISR;C:\Program Files (x86)\NVIDIA Corporation\PhysX\Common;C:\ProgramData\chocolatey\bin;C:\Program Files\Git\cmd;C:\Program Files\PostgreSQL\12\bin;C:\Program Files (x86)\Yarn\bin;C:\Program Files\PostgreSQL\11\bin;C:\java\jdk-1.8;C:\java\jdk11;C:\bin;C:\Program Files\NVIDIA Corporation\Nsight Compute 2020.3.0;C:\Program Files\Docker\Docker\resources\bin;C:\ProgramData\DockerDesktop\version-bin;C:\Program Files\PuTTY;C:\apache-maven-3.8.6\bin;C:\Program Files\MySQL\MySQL Server 8.0\bin;%NVM_HOME%;%NVM_SYMLINK%;C:\Program Files\MySQL\MySQL Shell 8.0\bin;C:\Users\dsaqa\AppData\Local\Microsoft\WindowsApps;D:\dev\tools\Microsoft VS Code\bin;C:\Users\dsaqa\AppData\Roaming\npm;C:\Users\dsaqa\AppData\Local\Yarn\bin;C:\tools\mysql\current\bin;C:\Program Files\NVIDIA GPU Computing Toolkit\CUDA\v11.6\bin;C:\Program Files\NVIDIA GPU Computing Toolkit\CUDA\v11.6\include;C:\Program Files\NVIDIA GPU Computing Toolkit\CUDA\v11.6\lib;C:\tools\dart-sdk\bin;C:\Users\dsaqa\AppData\Roaming\Pub\Cache\bin;C:\Users\dsaqa\AppData\Roaming\nvm;C:\Program Files\nodejs;C:\tools\flutter\bin;C:\Program Files\Git\usr\bin\vendor_perl;C:\Program Files\Git\usr\bin\core_perl;.]
05-Jan-2023 21:36:24.861 INFO [main] org.apache.coyote.AbstractProtocol.init 프로토콜 핸들러 ["http-nio-8080"]을(를) 초기화합니다.
05-Jan-2023 21:36:24.879 INFO [main] org.apache.catalina.startup.Catalina.load [504] 밀리초 내에 서버가 초기화되었습니다.
05-Jan-2023 21:36:24.926 INFO [main] org.apache.catalina.core.StandardService.startInternal 서비스 [Catalina]을(를) 시작합니다.
05-Jan-2023 21:36:24.926 INFO [main] org.apache.catalina.core.StandardEngine.startInternal 서버 엔진을 시작합니다: [Apache Tomcat/9.0.70]
05-Jan-2023 21:36:24.936 INFO [main] org.apache.catalina.startup.HostConfig.deployDirectory 웹 애플리케이션 디렉토리 [D:\dev\workspaces\java-ojd\jsp-project\server\apache-tomcat-9.0.70\webapps\web]을(를) 배치합니다.
05-Jan-2023 21:36:25.578 WARNING [main] org.apache.catalina.util.SessionIdGeneratorBase.createSecureRandom [SHA1PRNG] 알고리즘을 사용하여, 세션 ID를 생성하기 위한 SecureRandom 객체를 생성하는데, [400] 밀리초가 소요됐습니다.
05-Jan-2023 21:36:25.597 INFO [main] org.apache.catalina.startup.HostConfig.deployDirectory 웹 애플리케이션 디렉토리 [D:\dev\workspaces\java-ojd\jsp-project\server\apache-tomcat-9.0.70\webapps\web]에 대한 배치가 [661] 밀리초에 완료되었습니다.
05-Jan-2023 21:36:25.600 INFO [main] org.apache.coyote.AbstractProtocol.start 프로토콜 핸들러 ["http-nio-8080"]을(를) 시작합니다.
05-Jan-2023 21:36:26.034 INFO [main] org.apache.catalina.startup.Catalina.start 서버가 [1155] 밀리초 내에 시작되었습니다.
05-Jan-2023 21:37:35.667 INFO [Catalina-utility-1] org.apache.catalina.startup.HostConfig.deployDirectory 웹 애플리케이션 디렉토리 [D:\dev\workspaces\java-ojd\jsp-project\server\apache-tomcat-9.0.70\webapps\css]을(를) 배치합니다.
05-Jan-2023 21:37:35.694 INFO [Catalina-utility-1] org.apache.catalina.startup.HostConfig.deployDirectory 웹 애플리케이션 디렉토리 [D:\dev\workspaces\java-ojd\jsp-project\server\apache-tomcat-9.0.70\webapps\css]에 대한 배치가 [27] 밀리초에 완료되었습니다.
05-Jan-2023 21:37:35.694 INFO [Catalina-utility-1] org.apache.catalina.startup.HostConfig.deployDirectory 웹 애플리케이션 디렉토리 [D:\dev\workspaces\java-ojd\jsp-project\server\apache-tomcat-9.0.70\webapps\js]을(를) 배치합니다.
05-Jan-2023 21:37:35.715 INFO [Catalina-utility-1] org.apache.catalina.startup.HostConfig.deployDirectory 웹 애플리케이션 디렉토리 [D:\dev\workspaces\java-ojd\jsp-project\server\apache-tomcat-9.0.70\webapps\js]에 대한 배치가 [21] 밀리초에 완료되었습니다.
05-Jan-2023 21:52:06.719 INFO [Catalina-utility-2] org.apache.catalina.startup.HostConfig.deployDirectory 웹 애플리케이션 디렉토리 [D:\dev\workspaces\java-ojd\jsp-project\server\apache-tomcat-9.0.70\webapps\font]을(를) 배치합니다.
05-Jan-2023 21:52:06.742 INFO [Catalina-utility-2] org.apache.catalina.startup.HostConfig.deployDirectory 웹 애플리케이션 디렉토리 [D:\dev\workspaces\java-ojd\jsp-project\server\apache-tomcat-9.0.70\webapps\font]에 대한 배치가 [22] 밀리초에 완료되었습니다.
java.lang.NullPointerException
	at org.apache.jsp.board.action_jsp._jspService(action_jsp.java:143)
	at org.apache.jasper.runtime.HttpJspBase.service(HttpJspBase.java:70)
	at javax.servlet.http.HttpServlet.service(HttpServlet.java:779)
	at org.apache.jasper.servlet.JspServletWrapper.service(JspServletWrapper.java:466)
	at org.apache.jasper.servlet.JspServlet.serviceJspFile(JspServlet.java:379)
	at org.apache.jasper.servlet.JspServlet.service(JspServlet.java:327)
	at javax.servlet.http.HttpServlet.service(HttpServlet.java:779)
	at org.apache.catalina.core.ApplicationFilterChain.internalDoFilter(ApplicationFilterChain.java:227)
	at org.apache.catalina.core.ApplicationFilterChain.doFilter(ApplicationFilterChain.java:162)
	at org.apache.tomcat.websocket.server.WsFilter.doFilter(WsFilter.java:53)
	at org.apache.catalina.core.ApplicationFilterChain.internalDoFilter(ApplicationFilterChain.java:189)
	at org.apache.catalina.core.ApplicationFilterChain.doFilter(ApplicationFilterChain.java:162)
	at org.apache.catalina.core.StandardWrapperValve.invoke(StandardWrapperValve.java:177)
	at org.apache.catalina.core.StandardContextValve.invoke(StandardContextValve.java:97)
	at org.apache.catalina.authenticator.AuthenticatorBase.invoke(AuthenticatorBase.java:541)
	at org.apache.catalina.core.StandardHostValve.invoke(StandardHostValve.java:135)
	at org.apache.catalina.valves.ErrorReportValve.invoke(ErrorReportValve.java:92)
	at org.apache.catalina.valves.AbstractAccessLogValve.invoke(AbstractAccessLogValve.java:687)
	at org.apache.catalina.core.StandardEngineValve.invoke(StandardEngineValve.java:78)
	at org.apache.catalina.connector.CoyoteAdapter.service(CoyoteAdapter.java:360)
	at org.apache.coyote.http11.Http11Processor.service(Http11Processor.java:399)
	at org.apache.coyote.AbstractProcessorLight.process(AbstractProcessorLight.java:65)
	at org.apache.coyote.AbstractProtocol$ConnectionHandler.process(AbstractProtocol.java:891)
	at org.apache.tomcat.util.net.NioEndpoint$SocketProcessor.doRun(NioEndpoint.java:1784)
	at org.apache.tomcat.util.net.SocketProcessorBase.run(SocketProcessorBase.java:49)
	at org.apache.tomcat.util.threads.ThreadPoolExecutor.runWorker(ThreadPoolExecutor.java:1191)
	at org.apache.tomcat.util.threads.ThreadPoolExecutor$Worker.run(ThreadPoolExecutor.java:659)
	at org.apache.tomcat.util.threads.TaskThread$WrappingRunnable.run(TaskThread.java:61)
	at java.base/java.lang.Thread.run(Thread.java:834)
